0 info it worked if it ends with ok
1 verbose cli [ '/usr/bin/node', '/usr/bin/npm', 'run', 'watch' ]
2 info using npm@3.5.2
3 info using node@v8.10.0
4 verbose run-script [ 'prewatch', 'watch', 'postwatch' ]
5 info lifecycle verstak@1.0.0~prewatch: verstak@1.0.0
6 silly lifecycle verstak@1.0.0~prewatch: no script for prewatch, continuing
7 info lifecycle verstak@1.0.0~watch: verstak@1.0.0
8 verbose lifecycle verstak@1.0.0~watch: unsafe-perm in lifecycle true
9 verbose lifecycle verstak@1.0.0~watch: PATH: /usr/share/npm/bin/node-gyp-bin:/home/demento/Yandex.Disk/Work/localhost/Volt/Furniture/wp-content/themes/template/node_modules/.bin:/home/demento/Yandex.Disk/Work/localhost/Volt/Furniture/node_modules/.bin:/home/demento/.local/bin:/usr/local/sbin:/usr/local/bin:/usr/sbin:/usr/bin:/sbin:/bin:/usr/games:/usr/local/games:/snap/bin
10 verbose lifecycle verstak@1.0.0~watch: CWD: /home/demento/Yandex.Disk/Work/localhost/Volt/Furniture/wp-content/themes/template
11 silly lifecycle verstak@1.0.0~watch: Args: [ '-c', 'webpack --watch --mode development --watch-poll' ]
12 info lifecycle verstak@1.0.0~watch: Failed to exec watch script
13 verbose stack Error: verstak@1.0.0 watch: `webpack --watch --mode development --watch-poll`
13 verbose stack spawn ENOENT
13 verbose stack     at ChildProcess.<anonymous> (/usr/share/npm/lib/utils/spawn.js:17:16)
13 verbose stack     at emitTwo (events.js:126:13)
13 verbose stack     at ChildProcess.emit (events.js:214:7)
13 verbose stack     at maybeClose (internal/child_process.js:925:16)
13 verbose stack     at Process.ChildProcess._handle.onexit (internal/child_process.js:209:5)
14 verbose pkgid verstak@1.0.0
15 verbose cwd /home/demento/Yandex.Disk/Work/localhost/Volt/Furniture/wp-content/themes/template
16 error Linux 5.3.0-40-generic
17 error argv "/usr/bin/node" "/usr/bin/npm" "run" "watch"
18 error node v8.10.0
19 error npm  v3.5.2
20 error file sh
21 error code ELIFECYCLE
22 error errno ENOENT
23 error syscall spawn
24 error verstak@1.0.0 watch: `webpack --watch --mode development --watch-poll`
24 error spawn ENOENT
25 error Failed at the verstak@1.0.0 watch script 'webpack --watch --mode development --watch-poll'.
25 error Make sure you have the latest version of node.js and npm installed.
25 error If you do, this is most likely a problem with the verstak package,
25 error not with npm itself.
25 error Tell the author that this fails on your system:
25 error     webpack --watch --mode development --watch-poll
25 error You can get information on how to open an issue for this project with:
25 error     npm bugs verstak
25 error Or if that isn't available, you can get their info via:
25 error     npm owner ls verstak
25 error There is likely additional logging output above.
26 verbose exit [ 1, true ]
